AH00112: Warning: DocumentRoot [/var/www/html/public] does not exist
AH00558: apache2: Could not reliably determine the server's fully qualified domain name, using 172.23.0.3. Set the 'ServerName' directive globally to suppress this message
[Mon Jun 02 22:55:19.075943 2025] [mpm_prefork:notice] [pid 1] AH00163: Apache/2.4.25 (Debian) PHP/7.0.33 configured -- resuming normal operations
[Mon Jun 02 22:55:19.076468 2025] [core:notice] [pid 1] AH00094: Command line: 'apache2 -D FOREGROUND'
[Mon Jun 02 22:56:24.440776 2025] [mpm_prefork:notice] [pid 1] AH00169: caught SIGTERM, shutting down
AH00558: apache2: Could not reliably determine the server's fully qualified domain name, using 172.23.0.3. Set the 'ServerName' directive globally to suppress this message
[Mon Jun 02 22:56:25.284047 2025] [mpm_prefork:notice] [pid 1] AH00163: Apache/2.4.25 (Debian) PHP/7.0.33 configured -- resuming normal operations
[Mon Jun 02 22:56:25.284467 2025] [core:notice] [pid 1] AH00094: Command line: 'apache2 -D FOREGROUND'
[Mon Jun 02 22:58:55.136626 2025] [mpm_prefork:notice] [pid 1] AH00169: caught SIGTERM, shutting down
AH00558: apache2: Could not reliably determine the server's fully qualified domain name, using 172.23.0.3. Set the 'ServerName' directive globally to suppress this message
[Mon Jun 02 22:58:56.053508 2025] [mpm_prefork:notice] [pid 1] AH00163: Apache/2.4.25 (Debian) PHP/7.0.33 configured -- resuming normal operations
[Mon Jun 02 22:58:56.054027 2025] [core:notice] [pid 1] AH00094: Command line: 'apache2 -D FOREGROUND'
[Mon Jun 02 23:05:55.781650 2025] [mpm_prefork:notice] [pid 1] AH00169: caught SIGTERM, shutting down
AH00558: apache2: Could not reliably determine the server's fully qualified domain name, using 172.23.0.3. Set the 'ServerName' directive globally to suppress this message
[Mon Jun 02 23:06:10.493564 2025] [mpm_prefork:notice] [pid 1] AH00163: Apache/2.4.25 (Debian) PHP/7.0.33 configured -- resuming normal operations
[Mon Jun 02 23:06:10.494079 2025] [core:notice] [pid 1] AH00094: Command line: 'apache2 -D FOREGROUND'
[Mon Jun 02 23:06:53.873235 2025] [mpm_prefork:notice] [pid 1] AH00169: caught SIGTERM, shutting down
AH00558: apache2: Could not reliably determine the server's fully qualified domain name, using 172.23.0.3. Set the 'ServerName' directive globally to suppress this message
[Mon Jun 02 23:06:54.828962 2025] [mpm_prefork:notice] [pid 1] AH00163: Apache/2.4.25 (Debian) PHP/7.0.33 configured -- resuming normal operations
[Mon Jun 02 23:06:54.829366 2025] [core:notice] [pid 1] AH00094: Command line: 'apache2 -D FOREGROUND'
[Mon Jun 02 23:09:03.553932 2025] [mpm_prefork:notice] [pid 1] AH00169: caught SIGTERM, shutting down
AH00558: apache2: Could not reliably determine the server's fully qualified domain name, using 172.23.0.3. Set the 'ServerName' directive globally to suppress this message
[Mon Jun 02 23:09:04.543767 2025] [mpm_prefork:notice] [pid 1] AH00163: Apache/2.4.25 (Debian) PHP/7.0.33 configured -- resuming normal operations
[Mon Jun 02 23:09:04.544252 2025] [core:notice] [pid 1] AH00094: Command line: 'apache2 -D FOREGROUND'
[Tue Jun 03 02:00:07.241533 2025] [core:notice] [pid 1] AH00052: child pid 60 exit signal Interrupt (2)
[Tue Jun 03 20:35:12.558356 2025] [core:notice] [pid 1] AH00052: child pid 204 exit signal Interrupt (2)
[Wed Jun 04 20:01:01.564285 2025] [core:notice] [pid 1] AH00052: child pid 327 exit signal Interrupt (2)
